2023-03-19 12:27:48.722 [info] Extension host with pid 2595 started
2023-03-19 12:27:48.794 [info] ExtensionService#_doActivateExtension vscode.emmet, startup: false, activationEvent: 'onLanguage'
2023-03-19 12:27:48.799 [info] ExtensionService#_doActivateExtension vscode.git-base, startup: true, activationEvent: '*'
2023-03-19 12:27:49.073 [info] Lock '/home/fgol/.vscode-server/data/User/workspaceStorage/39fdecc61e692ec3c06139b94c62b054/vscode.lock': Lock acquired.
2023-03-19 12:27:49.136 [info] ExtensionService#_doActivateExtension vscode.github, startup: true, activationEvent: '*'
2023-03-19 12:27:49.148 [info] Eager extensions activated
2023-03-19 12:27:49.149 [info] ExtensionService#_doActivateExtension vscode.debug-auto-launch, startup: false, activationEvent: 'onStartupFinished'
2023-03-19 12:27:49.149 [info] ExtensionService#_doActivateExtension vscode.merge-conflict, startup: false, activationEvent: 'onStartupFinished'
2023-03-19 12:27:57.694 [info] ExtensionService#_doActivateExtension vscode.git, startup: false, activationEvent: 'api', root cause: vscode.github
2023-03-19 12:32:59.587 [info] ExtensionService#_doActivateExtension eamodio.gitlens, startup: false, activationEvent: 'onStartupFinished'
2023-03-19 12:49:20.314 [warning] [Decorations] CAPPING events from decorations provider vscode.git 2121
2023-03-19 12:49:20.371 [warning] [Decorations] CAPPING events from decorations provider vscode.git 2121
2023-03-19 12:49:25.823 [warning] [Decorations] CAPPING events from decorations provider vscode.git 2121
2023-03-19 12:49:30.861 [warning] [Decorations] CAPPING events from decorations provider vscode.git 2121
2023-03-19 12:49:35.902 [warning] [Decorations] CAPPING events from decorations provider vscode.git 2121
2023-03-19 12:49:40.940 [warning] [Decorations] CAPPING events from decorations provider vscode.git 2121
2023-03-19 12:49:45.975 [warning] [Decorations] CAPPING events from decorations provider vscode.git 2121
2023-03-19 12:49:51.011 [warning] [Decorations] CAPPING events from decorations provider vscode.git 2121
2023-03-19 12:49:56.059 [warning] [Decorations] CAPPING events from decorations provider vscode.git 2121
2023-03-19 12:50:01.094 [warning] [Decorations] CAPPING events from decorations provider vscode.git 2121
2023-03-19 12:50:06.131 [warning] [Decorations] CAPPING events from decorations provider vscode.git 2121
2023-03-19 12:50:11.168 [warning] [Decorations] CAPPING events from decorations provider vscode.git 2121
2023-03-19 12:50:16.204 [warning] [Decorations] CAPPING events from decorations provider vscode.git 2121
2023-03-19 12:50:21.240 [warning] [Decorations] CAPPING events from decorations provider vscode.git 2121
2023-03-19 12:50:26.275 [warning] [Decorations] CAPPING events from decorations provider vscode.git 2121
2023-03-19 12:50:31.313 [warning] [Decorations] CAPPING events from decorations provider vscode.git 2121
2023-03-19 12:50:36.348 [warning] [Decorations] CAPPING events from decorations provider vscode.git 2121
2023-03-19 12:51:04.412 [warning] [Decorations] CAPPING events from decorations provider vscode.git 2121
